Activating mf2 conda environment
Set to:/home/shai/.conda/envs/mf2
INFO:root:Seting device cuda:0
INFO:root:Generating dataset evaluator (Repeats per protein: 1)
INFO:root:Loading PRETRAINED model state dict (/home/shai/BLISS_Experiments/DRAKES/DRAKES/data/data_and_model/pmpnn/outputs/pretrained_if_model.pt)
INFO:root:Setting up interpolant
INFO:root:Loading ddg reward model (/home/shai/BLISS_Experiments/DRAKES/DRAKES/data/data_and_model/protein_oracle/outputs/reward_oracle_ft.pt)
INFO:root:Loading ddg reward evaluation model (/home/shai/BLISS_Experiments/DRAKES/DRAKES/data/data_and_model/protein_oracle/outputs/reward_oracle_eval.pt)
INFO:root:Setup execution function (align_type=bon, oracle_mode=ddg, N=1, MH_N=50, P=0.9, Beta=0.1)
INFO:root:Reading protein set (/home/shai/BLISS_Experiments/DRAKES/DRAKES/data/data_and_model/proteindpo_data/AlphaFold_model_PDBs)
INFO:root:Executing on protein 7JJK (Batch repeats: 25, Proteins per batch: 1)

  0%|          | 0/25 [00:00<?, ?it/s]
  4%|▍         | 1/25 [00:27<10:57, 27.39s/it]
  8%|▊         | 2/25 [00:54<10:19, 26.95s/it]
 12%|█▏        | 3/25 [01:20<09:48, 26.77s/it]
 16%|█▌        | 4/25 [01:47<09:21, 26.72s/it]
 20%|██        | 5/25 [02:13<08:53, 26.69s/it]
 24%|██▍       | 6/25 [02:40<08:26, 26.67s/it]
 28%|██▊       | 7/25 [03:06<07:58, 26.60s/it]
 32%|███▏      | 8/25 [03:33<07:31, 26.58s/it]
 36%|███▌      | 9/25 [03:59<07:04, 26.56s/it]
 40%|████      | 10/25 [04:26<06:38, 26.57s/it]
 44%|████▍     | 11/25 [04:53<06:12, 26.59s/it]
 48%|████▊     | 12/25 [05:19<05:45, 26.60s/it]
 52%|█████▏    | 13/25 [05:46<05:18, 26.57s/it]
 56%|█████▌    | 14/25 [06:12<04:52, 26.57s/it]
 60%|██████    | 15/25 [06:39<04:25, 26.58s/it]
 64%|██████▍   | 16/25 [07:06<03:59, 26.61s/it]
 68%|██████▊   | 17/25 [07:32<03:32, 26.60s/it]
 72%|███████▏  | 18/25 [07:59<03:06, 26.60s/it]
 76%|███████▌  | 19/25 [08:25<02:39, 26.60s/it]
 80%|████████  | 20/25 [08:52<02:13, 26.63s/it]
 84%|████████▍ | 21/25 [09:19<01:46, 26.68s/it]
 88%|████████▊ | 22/25 [09:46<01:20, 26.67s/it]
 92%|█████████▏| 23/25 [10:12<00:53, 26.66s/it]
 96%|█████████▌| 24/25 [10:39<00:26, 26.66s/it]
100%|██████████| 25/25 [11:06<00:00, 26.67s/it]
100%|██████████| 25/25 [11:06<00:00, 26.64s/it]
INFO:root:Saving to file /home/shai/BLISS_Experiments/DRAKES/DRAKES/drakes_protein/fmif/eval_results/test/pretrained_7JJK_ddg_bon_N=1_mhn=50_p=0.9_beta=0.1.csv
Final Reward: 0.5020626783370972, Acceptance Rate: 0.6
Progress: 1 / 25
Final Reward: 0.6338505148887634, Acceptance Rate: 0.52
Progress: 2 / 25
Final Reward: 0.6035736799240112, Acceptance Rate: 0.44
Progress: 3 / 25
Final Reward: 0.6597421765327454, Acceptance Rate: 0.6
Progress: 4 / 25
Final Reward: 0.5653373003005981, Acceptance Rate: 0.58
Progress: 5 / 25
Final Reward: 0.5390468835830688, Acceptance Rate: 0.64
Progress: 6 / 25
Final Reward: 0.6370949149131775, Acceptance Rate: 0.44
Progress: 7 / 25
Final Reward: 0.6902956366539001, Acceptance Rate: 0.4
Progress: 8 / 25
Final Reward: 0.6445164680480957, Acceptance Rate: 0.56
Progress: 9 / 25
Final Reward: 0.6751651763916016, Acceptance Rate: 0.68
Progress: 10 / 25
Final Reward: 0.5404545068740845, Acceptance Rate: 0.48
Progress: 11 / 25
Final Reward: 0.6729017496109009, Acceptance Rate: 0.56
Progress: 12 / 25
Final Reward: 0.6827248334884644, Acceptance Rate: 0.66
Progress: 13 / 25
Final Reward: 0.6309112310409546, Acceptance Rate: 0.5
Progress: 14 / 25
Final Reward: 0.5666407346725464, Acceptance Rate: 0.52
Progress: 15 / 25
Final Reward: 0.48977670073509216, Acceptance Rate: 0.7
Progress: 16 / 25
Final Reward: 0.6597599983215332, Acceptance Rate: 0.5
Progress: 17 / 25
Final Reward: 0.6151744723320007, Acceptance Rate: 0.58
Progress: 18 / 25
Final Reward: 0.602285623550415, Acceptance Rate: 0.5
Progress: 19 / 25
Final Reward: 0.5925154685974121, Acceptance Rate: 0.44
Progress: 20 / 25
Final Reward: 0.6156452298164368, Acceptance Rate: 0.52
Progress: 21 / 25
Final Reward: 0.6234538555145264, Acceptance Rate: 0.4
Progress: 22 / 25
Final Reward: 0.5724698901176453, Acceptance Rate: 0.46
Progress: 23 / 25
Final Reward: 0.5616757869720459, Acceptance Rate: 0.56
Progress: 24 / 25
Final Reward: 0.6045103073120117, Acceptance Rate: 0.4
Progress: 25 / 25
